<?xml version="1.0" encoding="UTF-8"?>
<!-- Generated by org.testng.reporters.JUnitReportReporter -->
<testsuite skipped="0" hostname="pallavi-testing" name="pack1.P36_Scroll" tests="1" failures="0" timestamp="2019-09-17T05:33:10 GMT" time="9.467" errors="0">
  <testcase name="scrollingToBottomofAPage" time="9.467" classname="pack1.P36_Scroll"/>
</testsuite> <!-- pack1.P36_Scroll -->
